<?xml version="1.0" encoding="UTF-8"?>
<!-- Generated by org.testng.reporters.JUnitXMLReporter -->
<testsuite ignored="0" hostname="DESKTOP-0BECNDI" failures="3" tests="5" name="Default test" time="51.449" errors="0" timestamp="2025-11-11T14:00:27 GMT-05:00">
  <testcase classname="io.cucumber.testng.AbstractTestNGCucumberTests" name="runScenario" time="15.813"/>
  <testcase classname="io.cucumber.testng.AbstractTestNGCucumberTests" name="runScenario" time="9.219">
    <failure type="io.cucumber.testng.UndefinedStepException" message="The step &amp;apos;The user opens DSAlgo portal link.&amp;apos; and 4 other step(s) are undefined.
You can implement these steps using the snippet(s) below:

@Given(&amp;quot;The user opens DSAlgo portal link.&amp;quot;)
public void the_user_opens_ds_algo_portal_link() {
    // Write code here that turns the phrase above into concrete actions
    throw new io.cucumber.java.PendingException();
}
@When(&amp;quot;The User clicks on GetStarted.&amp;quot;)
public void the_user_clicks_on_get_started() {
    // Write code here that turns the phrase above into concrete actions
    throw new io.cucumber.java.PendingException();
}
@When(&amp;quot;User clicks on Sign-in link.&amp;quot;)
public void user_clicks_on_sign_in_link() {
    // Write code here that turns the phrase above into concrete actions
    throw new io.cucumber.java.PendingException();
}
@When(&amp;quot;User clicks on register link on Sign-in Page.&amp;quot;)
public void user_clicks_on_register_link_on_sign_in_page() {
    // Write code here that turns the phrase above into concrete actions
    throw new io.cucumber.java.PendingException();
}
@Then(&amp;quot;User should be redirected to register Page.&amp;quot;)
public void user_should_be_redirected_to_register_page() {
    // Write code here that turns the phrase above into concrete actions
    throw new io.cucumber.java.PendingException();
}
">
      <![CDATA[io.cucumber.testng.UndefinedStepException: The step 'The user opens DSAlgo portal link.' and 4 other step(s) are undefined.
You can implement these steps using the snippet(s) below:

@Given("The user opens DSAlgo portal link.")
public void the_user_opens_ds_algo_portal_link() {
    // Write code here that turns the phrase above into concrete actions
    throw new io.cucumber.java.PendingException();
}
@When("The User clicks on GetStarted.")
public void the_user_clicks_on_get_started() {
    // Write code here that turns the phrase above into concrete actions
    throw new io.cucumber.java.PendingException();
}
@When("User clicks on Sign-in link.")
public void user_clicks_on_sign_in_link() {
    // Write code here that turns the phrase above into concrete actions
    throw new io.cucumber.java.PendingException();
}
@When("User clicks on register link on Sign-in Page.")
public void user_clicks_on_register_link_on_sign_in_page() {
    // Write code here that turns the phrase above into concrete actions
    throw new io.cucumber.java.PendingException();
}
@Then("User should be redirected to register Page.")
public void user_should_be_redirected_to_register_page() {
    // Write code here that turns the phrase above into concrete actions
    throw new io.cucumber.java.PendingException();
}

at ✽.The user opens DSAlgo portal link.(file:///C:/Users/Shiva/NumpyNinja/SDET229-DSAlgo/src/test/resources/features/Sign-In.feature:22)
]]>
    </failure>
  </testcase> <!-- runScenario -->
  <testcase classname="io.cucumber.testng.AbstractTestNGCucumberTests" name="runScenario" time="7.892">
    <failure type="io.cucumber.testng.UndefinedStepException" message="The step &amp;apos;The user opens DSAlgo portal link.&amp;apos; and 4 other step(s) are undefined.
You can implement these steps using the snippet(s) below:

@Given(&amp;quot;The user opens DSAlgo portal link.&amp;quot;)
public void the_user_opens_ds_algo_portal_link() {
    // Write code here that turns the phrase above into concrete actions
    throw new io.cucumber.java.PendingException();
}
@When(&amp;quot;The User clicks on GetStarted.&amp;quot;)
public void the_user_clicks_on_get_started() {
    // Write code here that turns the phrase above into concrete actions
    throw new io.cucumber.java.PendingException();
}
@When(&amp;quot;User clicks on Sign-in link.&amp;quot;)
public void user_clicks_on_sign_in_link() {
    // Write code here that turns the phrase above into concrete actions
    throw new io.cucumber.java.PendingException();
}
@When(&amp;quot;User clicks on register link on Sign-in Page.&amp;quot;)
public void user_clicks_on_register_link_on_sign_in_page() {
    // Write code here that turns the phrase above into concrete actions
    throw new io.cucumber.java.PendingException();
}
@Then(&amp;quot;User should be redirected to register Page.&amp;quot;)
public void user_should_be_redirected_to_register_page() {
    // Write code here that turns the phrase above into concrete actions
    throw new io.cucumber.java.PendingException();
}
">
      <![CDATA[io.cucumber.testng.UndefinedStepException: The step 'The user opens DSAlgo portal link.' and 4 other step(s) are undefined.
You can implement these steps using the snippet(s) below:

@Given("The user opens DSAlgo portal link.")
public void the_user_opens_ds_algo_portal_link() {
    // Write code here that turns the phrase above into concrete actions
    throw new io.cucumber.java.PendingException();
}
@When("The User clicks on GetStarted.")
public void the_user_clicks_on_get_started() {
    // Write code here that turns the phrase above into concrete actions
    throw new io.cucumber.java.PendingException();
}
@When("User clicks on Sign-in link.")
public void user_clicks_on_sign_in_link() {
    // Write code here that turns the phrase above into concrete actions
    throw new io.cucumber.java.PendingException();
}
@When("User clicks on register link on Sign-in Page.")
public void user_clicks_on_register_link_on_sign_in_page() {
    // Write code here that turns the phrase above into concrete actions
    throw new io.cucumber.java.PendingException();
}
@Then("User should be redirected to register Page.")
public void user_should_be_redirected_to_register_page() {
    // Write code here that turns the phrase above into concrete actions
    throw new io.cucumber.java.PendingException();
}

at ✽.The user opens DSAlgo portal link.(file:///C:/Users/Shiva/NumpyNinja/SDET229-DSAlgo/src/test/resources/features/Sign-In.feature:22)
]]>
    </failure>
  </testcase> <!-- runScenario -->
  <testcase classname="io.cucumber.testng.AbstractTestNGCucumberTests" name="runScenario" time="7.413">
    <failure type="io.cucumber.testng.UndefinedStepException" message="The step &amp;apos;The user opens DSAlgo portal link.&amp;apos; and 3 other step(s) are undefined.
You can implement these steps using the snippet(s) below:

@Given(&amp;quot;The user opens DSAlgo portal link.&amp;quot;)
public void the_user_opens_ds_algo_portal_link() {
    // Write code here that turns the phrase above into concrete actions
    throw new io.cucumber.java.PendingException();
}
@When(&amp;quot;The User clicks on GetStarted.&amp;quot;)
public void the_user_clicks_on_get_started() {
    // Write code here that turns the phrase above into concrete actions
    throw new io.cucumber.java.PendingException();
}
@When(&amp;quot;User clicks on Sign-in link.&amp;quot;)
public void user_clicks_on_sign_in_link() {
    // Write code here that turns the phrase above into concrete actions
    throw new io.cucumber.java.PendingException();
}
@Then(&amp;quot;Validate the leading text for register! link.&amp;quot;)
public void validate_the_leading_text_for_register_link() {
    // Write code here that turns the phrase above into concrete actions
    throw new io.cucumber.java.PendingException();
}
">
      <![CDATA[io.cucumber.testng.UndefinedStepException: The step 'The user opens DSAlgo portal link.' and 3 other step(s) are undefined.
You can implement these steps using the snippet(s) below:

@Given("The user opens DSAlgo portal link.")
public void the_user_opens_ds_algo_portal_link() {
    // Write code here that turns the phrase above into concrete actions
    throw new io.cucumber.java.PendingException();
}
@When("The User clicks on GetStarted.")
public void the_user_clicks_on_get_started() {
    // Write code here that turns the phrase above into concrete actions
    throw new io.cucumber.java.PendingException();
}
@When("User clicks on Sign-in link.")
public void user_clicks_on_sign_in_link() {
    // Write code here that turns the phrase above into concrete actions
    throw new io.cucumber.java.PendingException();
}
@Then("Validate the leading text for register! link.")
public void validate_the_leading_text_for_register_link() {
    // Write code here that turns the phrase above into concrete actions
    throw new io.cucumber.java.PendingException();
}

at ✽.The user opens DSAlgo portal link.(file:///C:/Users/Shiva/NumpyNinja/SDET229-DSAlgo/src/test/resources/features/Sign-In.feature:22)
]]>
    </failure>
  </testcase> <!-- runScenario -->
  <testcase classname="io.cucumber.testng.AbstractTestNGCucumberTests" name="runScenario" time="9.274"/>
</testsuite> <!-- Default test -->
