<?xml version="1.0" encoding="UTF-8"?>
<testng-results ignored="0" total="5" passed="2" failed="3" skipped="0">
  <reporter-output>
  </reporter-output>
  <suite started-at="2025-11-11T13:59:35 GMT-05:00" name="Default suite" finished-at="2025-11-11T14:00:27 GMT-05:00" duration-ms="51449">
    <groups>
      <group name="cucumber">
        <method signature="AbstractTestNGCucumberTests.runScenario(io.cucumber.testng.PickleWrapper,io.cucumber.testng.FeatureWrapper)[pri:0, instance:Runner.TestRunner@ae13544]" name="runScenario" class="io.cucumber.testng.AbstractTestNGCucumberTests"/>
      </group> <!-- cucumber -->
    </groups>
    <test started-at="2025-11-11T13:59:35 GMT-05:00" name="Default test" finished-at="2025-11-11T14:00:27 GMT-05:00" duration-ms="51449">
      <class name="Runner.TestRunner">
        <test-method is-config="true" signature="setUpClass(org.testng.ITestContext)[pri:0, instance:Runner.TestRunner@ae13544]" started-at="2025-11-11T13:59:35 GMT-05:00" name="setUpClass" finished-at="2025-11-11T13:59:37 GMT-05:00" duration-ms="1640" status="PASS">
          <params>
            <param index="0">
              <value>
                <![CDATA[org.testng.TestRunner@1416cf9f]]>
              </value>
            </param>
          </params>
          <reporter-output>
          </reporter-output>
        </test-method> <!-- setUpClass -->
        <test-method signature="runScenario(io.cucumber.testng.PickleWrapper,io.cucumber.testng.FeatureWrapper)[pri:0, instance:Runner.TestRunner@ae13544]" started-at="2025-11-11T13:59:37 GMT-05:00" name="runScenario" description="Runs Cucumber Scenarios" data-provider="scenarios" finished-at="2025-11-11T13:59:53 GMT-05:00" duration-ms="15813" status="PASS">
          <params>
            <param index="0">
              <value>
                <![CDATA["Verify Sign-in link on Home Page"]]>
              </value>
            </param>
            <param index="1">
              <value>
                <![CDATA["Sign-In"]]>
              </value>
            </param>
          </params>
          <reporter-output>
          </reporter-output>
        </test-method> <!-- runScenario -->
        <test-method signature="runScenario(io.cucumber.testng.PickleWrapper,io.cucumber.testng.FeatureWrapper)[pri:0, instance:Runner.TestRunner@ae13544]" started-at="2025-11-11T13:59:53 GMT-05:00" name="runScenario" description="Runs Cucumber Scenarios" data-provider="scenarios" finished-at="2025-11-11T14:00:02 GMT-05:00" duration-ms="9219" status="FAIL">
          <params>
            <param index="0">
              <value>
                <![CDATA["Verify register link on Sign-in Page."]]>
              </value>
            </param>
            <param index="1">
              <value>
                <![CDATA["Sign-In"]]>
              </value>
            </param>
          </params>
          <exception class="io.cucumber.testng.UndefinedStepException">
            <message>
              <![CDATA[The step 'The user opens DSAlgo portal link.' and 4 other step(s) are undefined.
You can implement these steps using the snippet(s) below:

@Given("The user opens DSAlgo portal link.")
public void the_user_opens_ds_algo_portal_link() {
    // Write code here that turns the phrase above into concrete actions
    throw new io.cucumber.java.PendingException();
}
@When("The User clicks on GetStarted.")
public void the_user_clicks_on_get_started() {
    // Write code here that turns the phrase above into concrete actions
    throw new io.cucumber.java.PendingException();
}
@When("User clicks on Sign-in link.")
public void user_clicks_on_sign_in_link() {
    // Write code here that turns the phrase above into concrete actions
    throw new io.cucumber.java.PendingException();
}
@When("User clicks on register link on Sign-in Page.")
public void user_clicks_on_register_link_on_sign_in_page() {
    // Write code here that turns the phrase above into concrete actions
    throw new io.cucumber.java.PendingException();
}
@Then("User should be redirected to register Page.")
public void user_should_be_redirected_to_register_page() {
    // Write code here that turns the phrase above into concrete actions
    throw new io.cucumber.java.PendingException();
}
]]>
            </message>
            <full-stacktrace>
              <![CDATA[io.cucumber.testng.UndefinedStepException: The step 'The user opens DSAlgo portal link.' and 4 other step(s) are undefined.
You can implement these steps using the snippet(s) below:

@Given("The user opens DSAlgo portal link.")
public void the_user_opens_ds_algo_portal_link() {
    // Write code here that turns the phrase above into concrete actions
    throw new io.cucumber.java.PendingException();
}
@When("The User clicks on GetStarted.")
public void the_user_clicks_on_get_started() {
    // Write code here that turns the phrase above into concrete actions
    throw new io.cucumber.java.PendingException();
}
@When("User clicks on Sign-in link.")
public void user_clicks_on_sign_in_link() {
    // Write code here that turns the phrase above into concrete actions
    throw new io.cucumber.java.PendingException();
}
@When("User clicks on register link on Sign-in Page.")
public void user_clicks_on_register_link_on_sign_in_page() {
    // Write code here that turns the phrase above into concrete actions
    throw new io.cucumber.java.PendingException();
}
@Then("User should be redirected to register Page.")
public void user_should_be_redirected_to_register_page() {
    // Write code here that turns the phrase above into concrete actions
    throw new io.cucumber.java.PendingException();
}

at ✽.The user opens DSAlgo portal link.(file:///C:/Users/Shiva/NumpyNinja/SDET229-DSAlgo/src/test/resources/features/Sign-In.feature:22)
]]>
            </full-stacktrace>
          </exception> <!-- io.cucumber.testng.UndefinedStepException -->
          <reporter-output>
          </reporter-output>
        </test-method> <!-- runScenario -->
        <test-method signature="runScenario(io.cucumber.testng.PickleWrapper,io.cucumber.testng.FeatureWrapper)[pri:0, instance:Runner.TestRunner@ae13544]" started-at="2025-11-11T14:00:02 GMT-05:00" name="runScenario" description="Runs Cucumber Scenarios" data-provider="scenarios" finished-at="2025-11-11T14:00:10 GMT-05:00" duration-ms="7892" status="FAIL">
          <params>
            <param index="0">
              <value>
                <![CDATA["Verify register! link on Sign-in Page."]]>
              </value>
            </param>
            <param index="1">
              <value>
                <![CDATA["Sign-In"]]>
              </value>
            </param>
          </params>
          <exception class="io.cucumber.testng.UndefinedStepException">
            <message>
              <![CDATA[The step 'The user opens DSAlgo portal link.' and 4 other step(s) are undefined.
You can implement these steps using the snippet(s) below:

@Given("The user opens DSAlgo portal link.")
public void the_user_opens_ds_algo_portal_link() {
    // Write code here that turns the phrase above into concrete actions
    throw new io.cucumber.java.PendingException();
}
@When("The User clicks on GetStarted.")
public void the_user_clicks_on_get_started() {
    // Write code here that turns the phrase above into concrete actions
    throw new io.cucumber.java.PendingException();
}
@When("User clicks on Sign-in link.")
public void user_clicks_on_sign_in_link() {
    // Write code here that turns the phrase above into concrete actions
    throw new io.cucumber.java.PendingException();
}
@When("User clicks on register link on Sign-in Page.")
public void user_clicks_on_register_link_on_sign_in_page() {
    // Write code here that turns the phrase above into concrete actions
    throw new io.cucumber.java.PendingException();
}
@Then("User should be redirected to register Page.")
public void user_should_be_redirected_to_register_page() {
    // Write code here that turns the phrase above into concrete actions
    throw new io.cucumber.java.PendingException();
}
]]>
            </message>
            <full-stacktrace>
              <![CDATA[io.cucumber.testng.UndefinedStepException: The step 'The user opens DSAlgo portal link.' and 4 other step(s) are undefined.
You can implement these steps using the snippet(s) below:

@Given("The user opens DSAlgo portal link.")
public void the_user_opens_ds_algo_portal_link() {
    // Write code here that turns the phrase above into concrete actions
    throw new io.cucumber.java.PendingException();
}
@When("The User clicks on GetStarted.")
public void the_user_clicks_on_get_started() {
    // Write code here that turns the phrase above into concrete actions
    throw new io.cucumber.java.PendingException();
}
@When("User clicks on Sign-in link.")
public void user_clicks_on_sign_in_link() {
    // Write code here that turns the phrase above into concrete actions
    throw new io.cucumber.java.PendingException();
}
@When("User clicks on register link on Sign-in Page.")
public void user_clicks_on_register_link_on_sign_in_page() {
    // Write code here that turns the phrase above into concrete actions
    throw new io.cucumber.java.PendingException();
}
@Then("User should be redirected to register Page.")
public void user_should_be_redirected_to_register_page() {
    // Write code here that turns the phrase above into concrete actions
    throw new io.cucumber.java.PendingException();
}

at ✽.The user opens DSAlgo portal link.(file:///C:/Users/Shiva/NumpyNinja/SDET229-DSAlgo/src/test/resources/features/Sign-In.feature:22)
]]>
            </full-stacktrace>
          </exception> <!-- io.cucumber.testng.UndefinedStepException -->
          <reporter-output>
          </reporter-output>
        </test-method> <!-- runScenario -->
        <test-method signature="runScenario(io.cucumber.testng.PickleWrapper,io.cucumber.testng.FeatureWrapper)[pri:0, instance:Runner.TestRunner@ae13544]" started-at="2025-11-11T14:00:10 GMT-05:00" name="runScenario" description="Runs Cucumber Scenarios" data-provider="scenarios" finished-at="2025-11-11T14:00:17 GMT-05:00" duration-ms="7413" status="FAIL">
          <params>
            <param index="0">
              <value>
                <![CDATA["Verify leading text for register! link on sign-in Page."]]>
              </value>
            </param>
            <param index="1">
              <value>
                <![CDATA["Sign-In"]]>
              </value>
            </param>
          </params>
          <exception class="io.cucumber.testng.UndefinedStepException">
            <message>
              <![CDATA[The step 'The user opens DSAlgo portal link.' and 3 other step(s) are undefined.
You can implement these steps using the snippet(s) below:

@Given("The user opens DSAlgo portal link.")
public void the_user_opens_ds_algo_portal_link() {
    // Write code here that turns the phrase above into concrete actions
    throw new io.cucumber.java.PendingException();
}
@When("The User clicks on GetStarted.")
public void the_user_clicks_on_get_started() {
    // Write code here that turns the phrase above into concrete actions
    throw new io.cucumber.java.PendingException();
}
@When("User clicks on Sign-in link.")
public void user_clicks_on_sign_in_link() {
    // Write code here that turns the phrase above into concrete actions
    throw new io.cucumber.java.PendingException();
}
@Then("Validate the leading text for register! link.")
public void validate_the_leading_text_for_register_link() {
    // Write code here that turns the phrase above into concrete actions
    throw new io.cucumber.java.PendingException();
}
]]>
            </message>
            <full-stacktrace>
              <![CDATA[io.cucumber.testng.UndefinedStepException: The step 'The user opens DSAlgo portal link.' and 3 other step(s) are undefined.
You can implement these steps using the snippet(s) below:

@Given("The user opens DSAlgo portal link.")
public void the_user_opens_ds_algo_portal_link() {
    // Write code here that turns the phrase above into concrete actions
    throw new io.cucumber.java.PendingException();
}
@When("The User clicks on GetStarted.")
public void the_user_clicks_on_get_started() {
    // Write code here that turns the phrase above into concrete actions
    throw new io.cucumber.java.PendingException();
}
@When("User clicks on Sign-in link.")
public void user_clicks_on_sign_in_link() {
    // Write code here that turns the phrase above into concrete actions
    throw new io.cucumber.java.PendingException();
}
@Then("Validate the leading text for register! link.")
public void validate_the_leading_text_for_register_link() {
    // Write code here that turns the phrase above into concrete actions
    throw new io.cucumber.java.PendingException();
}

at ✽.The user opens DSAlgo portal link.(file:///C:/Users/Shiva/NumpyNinja/SDET229-DSAlgo/src/test/resources/features/Sign-In.feature:22)
]]>
            </full-stacktrace>
          </exception> <!-- io.cucumber.testng.UndefinedStepException -->
          <reporter-output>
          </reporter-output>
        </test-method> <!-- runScenario -->
        <test-method signature="runScenario(io.cucumber.testng.PickleWrapper,io.cucumber.testng.FeatureWrapper)[pri:0, instance:Runner.TestRunner@ae13544]" started-at="2025-11-11T14:00:17 GMT-05:00" name="runScenario" description="Runs Cucumber Scenarios" data-provider="scenarios" finished-at="2025-11-11T14:00:27 GMT-05:00" duration-ms="9274" status="PASS">
          <params>
            <param index="0">
              <value>
                <![CDATA["Navigation from launch page to home page"]]>
              </value>
            </param>
            <param index="1">
              <value>
                <![CDATA["Launching the application"]]>
              </value>
            </param>
          </params>
          <reporter-output>
          </reporter-output>
        </test-method> <!-- runScenario -->
        <test-method is-config="true" signature="tearDownClass()[pri:0, instance:Runner.TestRunner@ae13544]" started-at="2025-11-11T14:00:27 GMT-05:00" name="tearDownClass" finished-at="2025-11-11T14:00:27 GMT-05:00" duration-ms="41" status="PASS">
          <reporter-output>
          </reporter-output>
        </test-method> <!-- tearDownClass -->
      </class> <!-- Runner.TestRunner -->
    </test> <!-- Default test -->
  </suite> <!-- Default suite -->
</testng-results>
