<?xml version="1.0" encoding="UTF-8"?>
<testng-results ignored="0" total="1" passed="1" failed="0" skipped="0">
  <reporter-output>
  </reporter-output>
  <suite started-at="2025-11-07T13:51:28 EST" name="Default suite" finished-at="2025-11-07T13:51:36 EST" duration-ms="7791">
    <groups>
      <group name="cucumber">
        <method signature="AbstractTestNGCucumberTests.runScenario(io.cucumber.testng.PickleWrapper,io.cucumber.testng.FeatureWrapper)[pri:0, instance:Runner.TestRunner@35cabb2a]" name="runScenario" class="io.cucumber.testng.AbstractTestNGCucumberTests"/>
      </group> <!-- cucumber -->
    </groups>
    <test started-at="2025-11-07T13:51:28 EST" name="Default test" finished-at="2025-11-07T13:51:36 EST" duration-ms="7791">
      <class name="Runner.TestRunner">
        <test-method is-config="true" signature="setUpClass(org.testng.ITestContext)[pri:0, instance:Runner.TestRunner@35cabb2a]" started-at="2025-11-07T13:51:28 EST" name="setUpClass" finished-at="2025-11-07T13:51:29 EST" duration-ms="546" status="PASS">
          <params>
            <param index="0">
              <value>
                <![CDATA[org.testng.TestRunner@15fdd1f2]]>
              </value>
            </param>
          </params>
          <reporter-output>
          </reporter-output>
        </test-method> <!-- setUpClass -->
        <test-method signature="runScenario(io.cucumber.testng.PickleWrapper,io.cucumber.testng.FeatureWrapper)[pri:0, instance:Runner.TestRunner@35cabb2a]" started-at="2025-11-07T13:51:29 EST" name="runScenario" description="Runs Cucumber Scenarios" data-provider="scenarios" finished-at="2025-11-07T13:51:36 EST" duration-ms="7168" status="PASS">
          <params>
            <param index="0">
              <value>
                <![CDATA["Navigation from launch page to home page"]]>
              </value>
            </param>
            <param index="1">
              <value>
                <![CDATA["Launching the application"]]>
              </value>
            </param>
          </params>
          <reporter-output>
          </reporter-output>
        </test-method> <!-- runScenario -->
        <test-method is-config="true" signature="tearDownClass()[pri:0, instance:Runner.TestRunner@35cabb2a]" started-at="2025-11-07T13:51:36 EST" name="tearDownClass" finished-at="2025-11-07T13:51:36 EST" duration-ms="25" status="PASS">
          <reporter-output>
          </reporter-output>
        </test-method> <!-- tearDownClass -->
      </class> <!-- Runner.TestRunner -->
    </test> <!-- Default test -->
  </suite> <!-- Default suite -->
</testng-results>
