<?xml version="1.0" encoding="UTF-8"?>
<testng-results ignored="0" total="9" passed="9" failed="0" skipped="0">
  <reporter-output>
  </reporter-output>
  <suite started-at="2025-11-13T10:39:44 GMT-05:00" name="Default suite" finished-at="2025-11-13T10:41:42 GMT-05:00" duration-ms="118314">
    <groups>
      <group name="cucumber">
        <method signature="AbstractTestNGCucumberTests.runScenario(io.cucumber.testng.PickleWrapper,io.cucumber.testng.FeatureWrapper)[pri:0, instance:Runner.TestRunner@43c1b556]" name="runScenario" class="io.cucumber.testng.AbstractTestNGCucumberTests"/>
      </group> <!-- cucumber -->
    </groups>
    <test started-at="2025-11-13T10:39:44 GMT-05:00" name="Default test" finished-at="2025-11-13T10:41:42 GMT-05:00" duration-ms="118314">
      <class name="Runner.TestRunner">
        <test-method is-config="true" signature="setUpClass(org.testng.ITestContext)[pri:0, instance:Runner.TestRunner@43c1b556]" started-at="2025-11-13T10:39:44 GMT-05:00" name="setUpClass" finished-at="2025-11-13T10:39:46 GMT-05:00" duration-ms="1673" status="PASS">
          <params>
            <param index="0">
              <value>
                <![CDATA[org.testng.TestRunner@364fd4ae]]>
              </value>
            </param>
          </params>
          <reporter-output>
          </reporter-output>
        </test-method> <!-- setUpClass -->
        <test-method signature="runScenario(io.cucumber.testng.PickleWrapper,io.cucumber.testng.FeatureWrapper)[pri:0, instance:Runner.TestRunner@43c1b556]" started-at="2025-11-13T10:39:46 GMT-05:00" name="runScenario" description="Runs Cucumber Scenarios" data-provider="scenarios" finished-at="2025-11-13T10:40:10 GMT-05:00" duration-ms="24364" status="PASS">
          <params>
            <param index="0">
              <value>
                <![CDATA["Verify Sign-in link on Sign-In Page"]]>
              </value>
            </param>
            <param index="1">
              <value>
                <![CDATA["Sign-In"]]>
              </value>
            </param>
          </params>
          <reporter-output>
          </reporter-output>
        </test-method> <!-- runScenario -->
        <test-method signature="runScenario(io.cucumber.testng.PickleWrapper,io.cucumber.testng.FeatureWrapper)[pri:0, instance:Runner.TestRunner@43c1b556]" started-at="2025-11-13T10:40:10 GMT-05:00" name="runScenario" description="Runs Cucumber Scenarios" data-provider="scenarios" finished-at="2025-11-13T10:40:22 GMT-05:00" duration-ms="11558" status="PASS">
          <params>
            <param index="0">
              <value>
                <![CDATA["Verify register link in the top right of the Sign-In."]]>
              </value>
            </param>
            <param index="1">
              <value>
                <![CDATA["Sign-In"]]>
              </value>
            </param>
          </params>
          <reporter-output>
          </reporter-output>
        </test-method> <!-- runScenario -->
        <test-method signature="runScenario(io.cucumber.testng.PickleWrapper,io.cucumber.testng.FeatureWrapper)[pri:0, instance:Runner.TestRunner@43c1b556]" started-at="2025-11-13T10:40:22 GMT-05:00" name="runScenario" description="Runs Cucumber Scenarios" data-provider="scenarios" finished-at="2025-11-13T10:40:34 GMT-05:00" duration-ms="12288" status="PASS">
          <params>
            <param index="0">
              <value>
                <![CDATA["Verify register! link below username and password field of Sign-In Page."]]>
              </value>
            </param>
            <param index="1">
              <value>
                <![CDATA["Sign-In"]]>
              </value>
            </param>
          </params>
          <reporter-output>
          </reporter-output>
        </test-method> <!-- runScenario -->
        <test-method signature="runScenario(io.cucumber.testng.PickleWrapper,io.cucumber.testng.FeatureWrapper)[pri:0, instance:Runner.TestRunner@43c1b556]" started-at="2025-11-13T10:40:34 GMT-05:00" name="runScenario" description="Runs Cucumber Scenarios" data-provider="scenarios" finished-at="2025-11-13T10:40:46 GMT-05:00" duration-ms="12498" status="PASS">
          <params>
            <param index="0">
              <value>
                <![CDATA["Verify valid Login Credentials."]]>
              </value>
            </param>
            <param index="1">
              <value>
                <![CDATA["Sign-In"]]>
              </value>
            </param>
          </params>
          <reporter-output>
          </reporter-output>
        </test-method> <!-- runScenario -->
        <test-method signature="runScenario(io.cucumber.testng.PickleWrapper,io.cucumber.testng.FeatureWrapper)[pri:0, instance:Runner.TestRunner@43c1b556]" started-at="2025-11-13T10:40:46 GMT-05:00" name="runScenario" description="Runs Cucumber Scenarios" data-provider="scenarios" finished-at="2025-11-13T10:40:58 GMT-05:00" duration-ms="12041" status="PASS">
          <params>
            <param index="0">
              <value>
                <![CDATA["Verify valid Login Credentials."]]>
              </value>
            </param>
            <param index="1">
              <value>
                <![CDATA["Sign-In"]]>
              </value>
            </param>
          </params>
          <reporter-output>
          </reporter-output>
        </test-method> <!-- runScenario -->
        <test-method signature="runScenario(io.cucumber.testng.PickleWrapper,io.cucumber.testng.FeatureWrapper)[pri:0, instance:Runner.TestRunner@43c1b556]" started-at="2025-11-13T10:40:58 GMT-05:00" name="runScenario" description="Runs Cucumber Scenarios" data-provider="scenarios" finished-at="2025-11-13T10:41:10 GMT-05:00" duration-ms="11522" status="PASS">
          <params>
            <param index="0">
              <value>
                <![CDATA["Verify invalid Login Credentials"]]>
              </value>
            </param>
            <param index="1">
              <value>
                <![CDATA["Sign-In"]]>
              </value>
            </param>
          </params>
          <reporter-output>
          </reporter-output>
        </test-method> <!-- runScenario -->
        <test-method signature="runScenario(io.cucumber.testng.PickleWrapper,io.cucumber.testng.FeatureWrapper)[pri:0, instance:Runner.TestRunner@43c1b556]" started-at="2025-11-13T10:41:10 GMT-05:00" name="runScenario" description="Runs Cucumber Scenarios" data-provider="scenarios" finished-at="2025-11-13T10:41:21 GMT-05:00" duration-ms="10807" status="PASS">
          <params>
            <param index="0">
              <value>
                <![CDATA["Verify invalid Login Credentials"]]>
              </value>
            </param>
            <param index="1">
              <value>
                <![CDATA["Sign-In"]]>
              </value>
            </param>
          </params>
          <reporter-output>
          </reporter-output>
        </test-method> <!-- runScenario -->
        <test-method signature="runScenario(io.cucumber.testng.PickleWrapper,io.cucumber.testng.FeatureWrapper)[pri:0, instance:Runner.TestRunner@43c1b556]" started-at="2025-11-13T10:41:21 GMT-05:00" name="runScenario" description="Runs Cucumber Scenarios" data-provider="scenarios" finished-at="2025-11-13T10:41:33 GMT-05:00" duration-ms="12367" status="PASS">
          <params>
            <param index="0">
              <value>
                <![CDATA["Verify invalid Login Credentials"]]>
              </value>
            </param>
            <param index="1">
              <value>
                <![CDATA["Sign-In"]]>
              </value>
            </param>
          </params>
          <reporter-output>
          </reporter-output>
        </test-method> <!-- runScenario -->
        <test-method signature="runScenario(io.cucumber.testng.PickleWrapper,io.cucumber.testng.FeatureWrapper)[pri:0, instance:Runner.TestRunner@43c1b556]" started-at="2025-11-13T10:41:33 GMT-05:00" name="runScenario" description="Runs Cucumber Scenarios" data-provider="scenarios" finished-at="2025-11-13T10:41:42 GMT-05:00" duration-ms="9012" status="PASS">
          <params>
            <param index="0">
              <value>
                <![CDATA["Navigation from launch page to home page"]]>
              </value>
            </param>
            <param index="1">
              <value>
                <![CDATA["Launching the application"]]>
              </value>
            </param>
          </params>
          <reporter-output>
          </reporter-output>
        </test-method> <!-- runScenario -->
        <test-method is-config="true" signature="tearDownClass()[pri:0, instance:Runner.TestRunner@43c1b556]" started-at="2025-11-13T10:41:42 GMT-05:00" name="tearDownClass" finished-at="2025-11-13T10:41:42 GMT-05:00" duration-ms="34" status="PASS">
          <reporter-output>
          </reporter-output>
        </test-method> <!-- tearDownClass -->
      </class> <!-- Runner.TestRunner -->
    </test> <!-- Default test -->
  </suite> <!-- Default suite -->
</testng-results>
