<?xml version="1.0" encoding="UTF-8"?>
<!-- Generated by org.testng.reporters.JUnitReportReporter -->
<testsuite hostname="DESKTOP-0BECNDI" failures="0" tests="9" name="Runner.TestRunner" time="116.457" errors="0" timestamp="2025-11-13T10:41:43 GMT-05:00" skipped="0">
  <testcase classname="Runner.TestRunner" name="runScenario" time="12.288"/>
  <testcase classname="Runner.TestRunner" name="runScenario" time="12.041"/>
  <testcase classname="Runner.TestRunner" name="runScenario" time="12.367"/>
  <testcase classname="Runner.TestRunner" name="runScenario" time="12.498"/>
  <testcase classname="Runner.TestRunner" name="runScenario" time="9.012"/>
  <testcase classname="Runner.TestRunner" name="runScenario" time="11.558"/>
  <testcase classname="Runner.TestRunner" name="runScenario" time="24.364"/>
  <testcase classname="Runner.TestRunner" name="runScenario" time="11.522"/>
  <testcase classname="Runner.TestRunner" name="runScenario" time="10.807"/>
</testsuite> <!-- Runner.TestRunner -->
