<?xml version="1.0" encoding="UTF-8"?>
<!-- Generated by org.testng.reporters.JUnitReportReporter -->
<testsuite hostname="DESKTOP-0BECNDI" failures="0" tests="5" name="Runner.TestRunner" time="49.611" errors="3" timestamp="2025-11-11T14:00:27 GMT-05:00" skipped="0">
  <testcase classname="Runner.TestRunner" name="runScenario" time="7.413">
    <error message="The step &#039;The user opens DSAlgo portal link.&#039; and 3 other step(s) are undefined.
You can implement these steps using the snippet(s) below:

@Given(&quot;The user opens DSAlgo portal link.&quot;)
public void the_user_opens_ds_algo_portal_link() {
    // Write code here that turns the phrase above into concrete actions
    throw new io.cucumber.java.PendingException();
}
@When(&quot;The User clicks on GetStarted.&quot;)
public void the_user_clicks_on_get_started() {
    // Write code here that turns the phrase above into concrete actions
    throw new io.cucumber.java.PendingException();
}
@When(&quot;User clicks on Sign-in link.&quot;)
public void user_clicks_on_sign_in_link() {
    // Write code here that turns the phrase above into concrete actions
    throw new io.cucumber.java.PendingException();
}
@Then(&quot;Validate the leading text for register! link.&quot;)
public void validate_the_leading_text_for_register_link() {
    // Write code here that turns the phrase above into concrete actions
    throw new io.cucumber.java.PendingException();
}
" type="io.cucumber.testng.UndefinedStepException">
      <![CDATA[io.cucumber.testng.UndefinedStepException: The step 'The user opens DSAlgo portal link.' and 3 other step(s) are undefined.
You can implement these steps using the snippet(s) below:

@Given("The user opens DSAlgo portal link.")
public void the_user_opens_ds_algo_portal_link() {
    // Write code here that turns the phrase above into concrete actions
    throw new io.cucumber.java.PendingException();
}
@When("The User clicks on GetStarted.")
public void the_user_clicks_on_get_started() {
    // Write code here that turns the phrase above into concrete actions
    throw new io.cucumber.java.PendingException();
}
@When("User clicks on Sign-in link.")
public void user_clicks_on_sign_in_link() {
    // Write code here that turns the phrase above into concrete actions
    throw new io.cucumber.java.PendingException();
}
@Then("Validate the leading text for register! link.")
public void validate_the_leading_text_for_register_link() {
    // Write code here that turns the phrase above into concrete actions
    throw new io.cucumber.java.PendingException();
}

at ✽.The user opens DSAlgo portal link.(file:///C:/Users/Shiva/NumpyNinja/SDET229-DSAlgo/src/test/resources/features/Sign-In.feature:22)
]]>
    </error>
  </testcase> <!-- runScenario -->
  <testcase classname="Runner.TestRunner" name="runScenario" time="15.813"/>
  <testcase classname="Runner.TestRunner" name="runScenario" time="9.274"/>
  <testcase classname="Runner.TestRunner" name="runScenario" time="7.892">
    <error message="The step &#039;The user opens DSAlgo portal link.&#039; and 4 other step(s) are undefined.
You can implement these steps using the snippet(s) below:

@Given(&quot;The user opens DSAlgo portal link.&quot;)
public void the_user_opens_ds_algo_portal_link() {
    // Write code here that turns the phrase above into concrete actions
    throw new io.cucumber.java.PendingException();
}
@When(&quot;The User clicks on GetStarted.&quot;)
public void the_user_clicks_on_get_started() {
    // Write code here that turns the phrase above into concrete actions
    throw new io.cucumber.java.PendingException();
}
@When(&quot;User clicks on Sign-in link.&quot;)
public void user_clicks_on_sign_in_link() {
    // Write code here that turns the phrase above into concrete actions
    throw new io.cucumber.java.PendingException();
}
@When(&quot;User clicks on register link on Sign-in Page.&quot;)
public void user_clicks_on_register_link_on_sign_in_page() {
    // Write code here that turns the phrase above into concrete actions
    throw new io.cucumber.java.PendingException();
}
@Then(&quot;User should be redirected to register Page.&quot;)
public void user_should_be_redirected_to_register_page() {
    // Write code here that turns the phrase above into concrete actions
    throw new io.cucumber.java.PendingException();
}
" type="io.cucumber.testng.UndefinedStepException">
      <![CDATA[io.cucumber.testng.UndefinedStepException: The step 'The user opens DSAlgo portal link.' and 4 other step(s) are undefined.
You can implement these steps using the snippet(s) below:

@Given("The user opens DSAlgo portal link.")
public void the_user_opens_ds_algo_portal_link() {
    // Write code here that turns the phrase above into concrete actions
    throw new io.cucumber.java.PendingException();
}
@When("The User clicks on GetStarted.")
public void the_user_clicks_on_get_started() {
    // Write code here that turns the phrase above into concrete actions
    throw new io.cucumber.java.PendingException();
}
@When("User clicks on Sign-in link.")
public void user_clicks_on_sign_in_link() {
    // Write code here that turns the phrase above into concrete actions
    throw new io.cucumber.java.PendingException();
}
@When("User clicks on register link on Sign-in Page.")
public void user_clicks_on_register_link_on_sign_in_page() {
    // Write code here that turns the phrase above into concrete actions
    throw new io.cucumber.java.PendingException();
}
@Then("User should be redirected to register Page.")
public void user_should_be_redirected_to_register_page() {
    // Write code here that turns the phrase above into concrete actions
    throw new io.cucumber.java.PendingException();
}

at ✽.The user opens DSAlgo portal link.(file:///C:/Users/Shiva/NumpyNinja/SDET229-DSAlgo/src/test/resources/features/Sign-In.feature:22)
]]>
    </error>
  </testcase> <!-- runScenario -->
  <testcase classname="Runner.TestRunner" name="runScenario" time="9.219">
    <error message="The step &#039;The user opens DSAlgo portal link.&#039; and 4 other step(s) are undefined.
You can implement these steps using the snippet(s) below:

@Given(&quot;The user opens DSAlgo portal link.&quot;)
public void the_user_opens_ds_algo_portal_link() {
    // Write code here that turns the phrase above into concrete actions
    throw new io.cucumber.java.PendingException();
}
@When(&quot;The User clicks on GetStarted.&quot;)
public void the_user_clicks_on_get_started() {
    // Write code here that turns the phrase above into concrete actions
    throw new io.cucumber.java.PendingException();
}
@When(&quot;User clicks on Sign-in link.&quot;)
public void user_clicks_on_sign_in_link() {
    // Write code here that turns the phrase above into concrete actions
    throw new io.cucumber.java.PendingException();
}
@When(&quot;User clicks on register link on Sign-in Page.&quot;)
public void user_clicks_on_register_link_on_sign_in_page() {
    // Write code here that turns the phrase above into concrete actions
    throw new io.cucumber.java.PendingException();
}
@Then(&quot;User should be redirected to register Page.&quot;)
public void user_should_be_redirected_to_register_page() {
    // Write code here that turns the phrase above into concrete actions
    throw new io.cucumber.java.PendingException();
}
" type="io.cucumber.testng.UndefinedStepException">
      <![CDATA[io.cucumber.testng.UndefinedStepException: The step 'The user opens DSAlgo portal link.' and 4 other step(s) are undefined.
You can implement these steps using the snippet(s) below:

@Given("The user opens DSAlgo portal link.")
public void the_user_opens_ds_algo_portal_link() {
    // Write code here that turns the phrase above into concrete actions
    throw new io.cucumber.java.PendingException();
}
@When("The User clicks on GetStarted.")
public void the_user_clicks_on_get_started() {
    // Write code here that turns the phrase above into concrete actions
    throw new io.cucumber.java.PendingException();
}
@When("User clicks on Sign-in link.")
public void user_clicks_on_sign_in_link() {
    // Write code here that turns the phrase above into concrete actions
    throw new io.cucumber.java.PendingException();
}
@When("User clicks on register link on Sign-in Page.")
public void user_clicks_on_register_link_on_sign_in_page() {
    // Write code here that turns the phrase above into concrete actions
    throw new io.cucumber.java.PendingException();
}
@Then("User should be redirected to register Page.")
public void user_should_be_redirected_to_register_page() {
    // Write code here that turns the phrase above into concrete actions
    throw new io.cucumber.java.PendingException();
}

at ✽.The user opens DSAlgo portal link.(file:///C:/Users/Shiva/NumpyNinja/SDET229-DSAlgo/src/test/resources/features/Sign-In.feature:22)
]]>
    </error>
  </testcase> <!-- runScenario -->
</testsuite> <!-- Runner.TestRunner -->
